{"D:\\Users\\Public\\flag-explorer-app\\backend\\app.js": {"path":"D:\\Users\\Public\\flag-explorer-app\\backend\\app.js","statementMap":{"0":{"start":{"line":1,"column":16},"end":{"line":1,"column":34}},"1":{"start":{"line":2,"column":13},"end":{"line":2,"column":28}},"2":{"start":{"line":3,"column":22},"end":{"line":3,"column":55}},"3":{"start":{"line":4,"column":21},"end":{"line":4,"column":53}},"4":{"start":{"line":6,"column":12},"end":{"line":6,"column":21}},"5":{"start":{"line":7,"column":0},"end":{"line":7,"column":16}},"6":{"start":{"line":8,"column":0},"end":{"line":8,"column":37}},"7":{"start":{"line":10,"column":0},"end":{"line":17,"column":3}},"8":{"start":{"line":11,"column":2},"end":{"line":16,"column":3}},"9":{"start":{"line":12,"column":22},"end":{"line":12,"column":58}},"10":{"start":{"line":13,"column":4},"end":{"line":13,"column":36}},"11":{"start":{"line":15,"column":4},"end":{"line":15,"column":68}},"12":{"start":{"line":20,"column":0},"end":{"line":20,"column":37}},"13":{"start":{"line":23,"column":0},"end":{"line":26,"column":3}},"14":{"start":{"line":24,"column":2},"end":{"line":24,"column":27}},"15":{"start":{"line":25,"column":2},"end":{"line":25,"column":59}},"16":{"start":{"line":28,"column":13},"end":{"line":28,"column":37}},"17":{"start":{"line":29,"column":0},"end":{"line":29,"column":70}},"18":{"start":{"line":29,"column":23},"end":{"line":29,"column":68}},"19":{"start":{"line":31,"column":0},"end":{"line":31,"column":21}}},"fnMap":{"0":{"name":"(anonymous_0)","decl":{"start":{"line":10,"column":13},"end":{"line":10,"column":14}},"loc":{"start":{"line":10,"column":33},"end":{"line":17,"column":1}},"line":10},"1":{"name":"(anonymous_1)","decl":{"start":{"line":23,"column":8},"end":{"line":23,"column":9}},"loc":{"start":{"line":23,"column":33},"end":{"line":26,"column":1}},"line":23},"2":{"name":"(anonymous_2)","decl":{"start":{"line":29,"column":17},"end":{"line":29,"column":18}},"loc":{"start":{"line":29,"column":23},"end":{"line":29,"column":68}},"line":29}},"branchMap":{"0":{"loc":{"start":{"line":28,"column":13},"end":{"line":28,"column":37}},"type":"binary-expr","locations":[{"start":{"line":28,"column":13},"end":{"line":28,"column":29}},{"start":{"line":28,"column":33},"end":{"line":28,"column":37}}],"line":28}},"s":{"0":1,"1":1,"2":1,"3":1,"4":1,"5":1,"6":1,"7":1,"8":0,"9":0,"10":0,"11":0,"12":1,"13":1,"14":0,"15":0,"16":1,"17":1,"18":1,"19":1},"f":{"0":0,"1":0,"2":1},"b":{"0":[1,1]},"_coverageSchema":"1a1c01bbd47fc00a2c39e90264f33305004495a9","hash":"c2b4a9d7d333b572d6a95e913895da994dfc970d"}
,"D:\\Users\\Public\\flag-explorer-app\\backend\\controllers\\countryController.js": {"path":"D:\\Users\\Public\\flag-explorer-app\\backend\\controllers\\countryController.js","statementMap":{"0":{"start":{"line":1,"column":21},"end":{"line":1,"column":54}},"1":{"start":{"line":3,"column":0},"end":{"line":10,"column":2}},"2":{"start":{"line":4,"column":2},"end":{"line":9,"column":3}},"3":{"start":{"line":5,"column":22},"end":{"line":5,"column":58}},"4":{"start":{"line":6,"column":4},"end":{"line":6,"column":36}},"5":{"start":{"line":8,"column":4},"end":{"line":8,"column":16}},"6":{"start":{"line":12,"column":0},"end":{"line":19,"column":2}},"7":{"start":{"line":13,"column":2},"end":{"line":18,"column":3}},"8":{"start":{"line":14,"column":20},"end":{"line":14,"column":72}},"9":{"start":{"line":15,"column":4},"end":{"line":15,"column":34}},"10":{"start":{"line":17,"column":4},"end":{"line":17,"column":51}}},"fnMap":{"0":{"name":"(anonymous_0)","decl":{"start":{"line":3,"column":26},"end":{"line":3,"column":27}},"loc":{"start":{"line":3,"column":52},"end":{"line":10,"column":1}},"line":3},"1":{"name":"(anonymous_1)","decl":{"start":{"line":12,"column":27},"end":{"line":12,"column":28}},"loc":{"start":{"line":12,"column":53},"end":{"line":19,"column":1}},"line":12}},"branchMap":{},"s":{"0":2,"1":2,"2":2,"3":2,"4":2,"5":0,"6":2,"7":4,"8":4,"9":2,"10":2},"f":{"0":2,"1":4},"b":{},"_coverageSchema":"1a1c01bbd47fc00a2c39e90264f33305004495a9","hash":"8a5807fc4735119770c54ec3c5be66bb117a68ac"}
,"D:\\Users\\Public\\flag-explorer-app\\backend\\models\\countryModel.js": {"path":"D:\\Users\\Public\\flag-explorer-app\\backend\\models\\countryModel.js","statementMap":{"0":{"start":{"line":1,"column":14},"end":{"line":1,"column":30}},"1":{"start":{"line":5,"column":4},"end":{"line":16,"column":5}},"2":{"start":{"line":6,"column":23},"end":{"line":6,"column":76}},"3":{"start":{"line":7,"column":6},"end":{"line":12,"column":10}},"4":{"start":{"line":7,"column":43},"end":{"line":12,"column":7}},"5":{"start":{"line":14,"column":6},"end":{"line":14,"column":64}},"6":{"start":{"line":15,"column":6},"end":{"line":15,"column":69}},"7":{"start":{"line":21,"column":4},"end":{"line":21,"column":55}},"8":{"start":{"line":21,"column":15},"end":{"line":21,"column":55}},"9":{"start":{"line":22,"column":4},"end":{"line":33,"column":5}},"10":{"start":{"line":23,"column":23},"end":{"line":23,"column":85}},"11":{"start":{"line":24,"column":22},"end":{"line":24,"column":38}},"12":{"start":{"line":25,"column":6},"end":{"line":30,"column":8}},"13":{"start":{"line":32,"column":6},"end":{"line":32,"column":43}},"14":{"start":{"line":38,"column":0},"end":{"line":38,"column":36}}},"fnMap":{"0":{"name":"(anonymous_0)","decl":{"start":{"line":4,"column":2},"end":{"line":4,"column":3}},"loc":{"start":{"line":4,"column":26},"end":{"line":17,"column":3}},"line":4},"1":{"name":"(anonymous_1)","decl":{"start":{"line":7,"column":31},"end":{"line":7,"column":32}},"loc":{"start":{"line":7,"column":43},"end":{"line":12,"column":7}},"line":7},"2":{"name":"(anonymous_2)","decl":{"start":{"line":20,"column":2},"end":{"line":20,"column":3}},"loc":{"start":{"line":20,"column":31},"end":{"line":34,"column":3}},"line":20}},"branchMap":{"0":{"loc":{"start":{"line":10,"column":17},"end":{"line":10,"column":61}},"type":"cond-expr","locations":[{"start":{"line":10,"column":35},"end":{"line":10,"column":53}},{"start":{"line":10,"column":56},"end":{"line":10,"column":61}}],"line":10},"1":{"loc":{"start":{"line":21,"column":4},"end":{"line":21,"column":55}},"type":"if","locations":[{"start":{"line":21,"column":4},"end":{"line":21,"column":55}},{"start":{},"end":{}}],"line":21},"2":{"loc":{"start":{"line":28,"column":17},"end":{"line":28,"column":61}},"type":"cond-expr","locations":[{"start":{"line":28,"column":35},"end":{"line":28,"column":53}},{"start":{"line":28,"column":56},"end":{"line":28,"column":61}}],"line":28}},"s":{"0":2,"1":1,"2":1,"3":1,"4":1,"5":0,"6":0,"7":2,"8":0,"9":2,"10":2,"11":1,"12":1,"13":1,"14":2},"f":{"0":1,"1":1,"2":2},"b":{"0":[1,0],"1":[0,2],"2":[1,0]},"_coverageSchema":"1a1c01bbd47fc00a2c39e90264f33305004495a9","hash":"0038922df514e7c4b2eca840480b7a1c3d6b4566"}
,"D:\\Users\\Public\\flag-explorer-app\\backend\\routes\\countryRoutes.js": {"path":"D:\\Users\\Public\\flag-explorer-app\\backend\\routes\\countryRoutes.js","statementMap":{"0":{"start":{"line":1,"column":16},"end":{"line":1,"column":34}},"1":{"start":{"line":2,"column":15},"end":{"line":2,"column":31}},"2":{"start":{"line":3,"column":26},"end":{"line":3,"column":69}},"3":{"start":{"line":5,"column":0},"end":{"line":5,"column":51}},"4":{"start":{"line":6,"column":0},"end":{"line":6,"column":57}},"5":{"start":{"line":8,"column":0},"end":{"line":8,"column":24}}},"fnMap":{},"branchMap":{},"s":{"0":1,"1":1,"2":1,"3":1,"4":1,"5":1},"f":{},"b":{},"_coverageSchema":"1a1c01bbd47fc00a2c39e90264f33305004495a9","hash":"8031cf58ed169b76d689ead46dbf8209a63e10e7"}
}
