TN:
SF:app.js
FN:10,(anonymous_0)
FN:23,(anonymous_1)
FN:29,(anonymous_2)
FNF:3
FNH:1
FNDA:0,(anonymous_0)
FNDA:0,(anonymous_1)
FNDA:1,(anonymous_2)
DA:1,1
DA:2,1
DA:3,1
DA:4,1
DA:6,1
DA:7,1
DA:8,1
DA:10,1
DA:11,0
DA:12,0
DA:13,0
DA:15,0
DA:20,1
DA:23,1
DA:24,0
DA:25,0
DA:28,1
DA:29,1
DA:31,1
LF:19
LH:13
BRDA:28,0,0,1
BRDA:28,0,1,1
BRF:2
BRH:2
end_of_record
TN:
SF:controllers\countryController.js
FN:3,(anonymous_0)
FN:12,(anonymous_1)
FNF:2
FNH:2
FNDA:2,(anonymous_0)
FNDA:4,(anonymous_1)
DA:1,2
DA:3,2
DA:4,2
DA:5,2
DA:6,2
DA:8,0
DA:12,2
DA:13,4
DA:14,4
DA:15,2
DA:17,2
LF:11
LH:10
BRF:0
BRH:0
end_of_record
TN:
SF:models\countryModel.js
FN:4,(anonymous_0)
FN:7,(anonymous_1)
FN:20,(anonymous_2)
FNF:3
FNH:3
FNDA:1,(anonymous_0)
FNDA:1,(anonymous_1)
FNDA:2,(anonymous_2)
DA:1,2
DA:5,1
DA:6,1
DA:7,1
DA:14,0
DA:15,0
DA:21,2
DA:22,2
DA:23,2
DA:24,1
DA:25,1
DA:32,1
DA:38,2
LF:13
LH:11
BRDA:10,0,0,1
BRDA:10,0,1,0
BRDA:21,1,0,0
BRDA:21,1,1,2
BRDA:28,2,0,1
BRDA:28,2,1,0
BRF:6
BRH:3
end_of_record
TN:
SF:routes\countryRoutes.js
FNF:0
FNH:0
DA:1,1
DA:2,1
DA:3,1
DA:5,1
DA:6,1
DA:8,1
LF:6
LH:6
BRF:0
BRH:0
end_of_record
